<?xml version="1.0" encoding="UTF-8"?>
<!-- Generated by org.testng.reporters.JUnitReportReporter -->
<testsuite hostname="DESKTOP-M9BLJAP" failures="0" tests="12" name="MyTestCases" time="26.779" errors="0" timestamp="2024-06-30T22:04:38 EET" skipped="6">
  <testcase classname="MyTestCases" name="closeWindow" time="2.197"/>
  <system-out/>
  <testcase classname="MyTestCases" name="changeLanguageRandomly" time="1.162"/>
  <system-out/>
  <testcase classname="MyTestCases" name="hotels" time="2.608"/>
  <system-out/>
  <testcase classname="MyTestCases" name="selectRoom" time="7.652"/>
  <system-out/>
  <testcase classname="MyTestCases" name="verifyLoading" time="12.357"/>
  <system-out/>
  <testcase classname="MyTestCases" name="verifyTheLowest" time="0.803"/>
  <system-out/>
  <testcase classname="MyTestCases" name="checkHotelsTabsNotSelected">
    <skipped/>
  </testcase> <!-- checkHotelsTabsNotSelected -->
  <system-out/>
  <testcase classname="MyTestCases" name="checkReturnDate">
    <skipped/>
  </testcase> <!-- checkReturnDate -->
  <system-out/>
  <testcase classname="MyTestCases" name="checkDepartureDate">
    <skipped/>
  </testcase> <!-- checkDepartureDate -->
  <system-out/>
  <testcase classname="MyTestCases" name="checkCurrency">
    <skipped/>
  </testcase> <!-- checkCurrency -->
  <system-out/>
  <testcase classname="MyTestCases" name="checkContactNumber">
    <skipped/>
  </testcase> <!-- checkContactNumber -->
  <system-out/>
  <testcase classname="MyTestCases" name="checkTheLanguage">
    <skipped/>
  </testcase> <!-- checkTheLanguage -->
  <system-out/>
</testsuite> <!-- MyTestCases -->
